<?xml version="1.0" encoding="UTF-8"?>
<!-- Generated by org.testng.reporters.JUnitReportReporter -->
<testsuite hostname="WIN-JD5AAM1B6TV" failures="0" tests="2" name="test.by.jwd.finaltaskweb.dao.suite.ReadByTeacherTest" time="0.007" errors="0" timestamp="2 Apr 2022 07:51:22 GMT">
  <testcase classname="test.by.jwd.finaltaskweb.dao.suite.ReadByTeacherTest" name="testReadByTeacher" time="0.004"/>
  <testcase classname="test.by.jwd.finaltaskweb.dao.suite.ReadByTeacherTest" name="testReadByTeacher" time="0.003"/>
</testsuite> <!-- test.by.jwd.finaltaskweb.dao.suite.ReadByTeacherTest -->
