<?xml version="1.0" encoding="UTF-8"?>
<!-- Generated by org.testng.reporters.JUnitReportReporter -->
<testsuite hostname="WIN-JD5AAM1B6TV" failures="0" tests="3" name="test.by.jwd.finaltaskweb.dao.membership.ReadEntityByIdTest" time="0.245" errors="0" timestamp="4 Apr 2022 08:30:06 GMT">
  <testcase classname="test.by.jwd.finaltaskweb.dao.membership.ReadEntityByIdTest" name="testReadById" time="0.006"/>
  <testcase classname="test.by.jwd.finaltaskweb.dao.membership.ReadEntityByIdTest" name="testReadById" time="0.234"/>
  <testcase classname="test.by.jwd.finaltaskweb.dao.membership.ReadEntityByIdTest" name="testReadById" time="0.005"/>
</testsuite> <!-- test.by.jwd.finaltaskweb.dao.membership.ReadEntityByIdTest -->
