<?xml version="1.0" encoding="UTF-8"?>
<!-- Generated by org.testng.reporters.JUnitReportReporter -->
<testsuite hostname="WIN-JD5AAM1B6TV" failures="0" tests="3" name="test.by.jwd.finaltaskweb.dao.suite.membershipdao.ReadEntityByIdTest" time="0.012" errors="0" timestamp="4 Apr 2022 10:30:07 GMT">
  <testcase classname="test.by.jwd.finaltaskweb.dao.suite.membershipdao.ReadEntityByIdTest" name="testReadById" time="0.004"/>
  <testcase classname="test.by.jwd.finaltaskweb.dao.suite.membershipdao.ReadEntityByIdTest" name="testReadById" time="0.004"/>
  <testcase classname="test.by.jwd.finaltaskweb.dao.suite.membershipdao.ReadEntityByIdTest" name="testReadById" time="0.004"/>
</testsuite> <!-- test.by.jwd.finaltaskweb.dao.suite.membershipdao.ReadEntityByIdTest -->
