<?xml version="1.0" encoding="UTF-8"?>
<!-- Generated by org.testng.reporters.JUnitReportReporter -->
<testsuite hostname="WIN-JD5AAM1B6TV" failures="0" tests="2" name="test.by.jwd.finaltaskweb.dao.CreateAndDeleteTest" time="0.372" errors="0" timestamp="2 Apr 2022 07:51:34 GMT">
  <testcase classname="test.by.jwd.finaltaskweb.dao.CreateAndDeleteTest" name="testCreate" time="0.281"/>
  <testcase classname="test.by.jwd.finaltaskweb.dao.CreateAndDeleteTest" name="testDelete" time="0.091"/>
</testsuite> <!-- test.by.jwd.finaltaskweb.dao.CreateAndDeleteTest -->
