<?xml version="1.0" encoding="UTF-8"?>
<!-- Generated by org.testng.reporters.JUnitReportReporter -->
<testsuite hostname="WIN-JD5AAM1B6TV" failures="0" tests="2" name="test.by.jwd.finaltaskweb.dao.groupdao.UpdateTest" time="0.699" errors="0" timestamp="4 Apr 2022 10:37:04 GMT">
  <testcase classname="test.by.jwd.finaltaskweb.dao.groupdao.UpdateTest" name="testUpdate" time="0.539"/>
  <testcase classname="test.by.jwd.finaltaskweb.dao.groupdao.UpdateTest" name="testUpdate2" time="0.160"/>
</testsuite> <!-- test.by.jwd.finaltaskweb.dao.groupdao.UpdateTest -->
