<?xml version="1.0" encoding="UTF-8"?>
<!-- Generated by org.testng.reporters.JUnitReportReporter -->
<testsuite hostname="WIN-JD5AAM1B6TV" failures="0" tests="1" name="test.by.jwd.finaltaskweb.dao.ReadAllTest" time="0.004" errors="0" timestamp="2 Apr 2022 07:47:57 GMT">
  <testcase classname="test.by.jwd.finaltaskweb.dao.ReadAllTest" name="testReadAll" time="0.004"/>
</testsuite> <!-- test.by.jwd.finaltaskweb.dao.ReadAllTest -->
