<?xml version="1.0" encoding="UTF-8"?>
<!-- Generated by org.testng.reporters.JUnitReportReporter -->
<testsuite hostname="WIN-JD5AAM1B6TV" failures="0" tests="2" name="test.by.jwd.finaltaskweb.dao.suite.ReadScheduleByWeekDayTest" time="0.093" errors="0" timestamp="7 Apr 2022 09:59:54 GMT">
  <testcase classname="test.by.jwd.finaltaskweb.dao.suite.ReadScheduleByWeekDayTest" name="testReadScheduleById" time="0.053"/>
  <testcase classname="test.by.jwd.finaltaskweb.dao.suite.ReadScheduleByWeekDayTest" name="testReadScheduleById" time="0.040"/>
</testsuite> <!-- test.by.jwd.finaltaskweb.dao.suite.ReadScheduleByWeekDayTest -->
