<?xml version="1.0" encoding="UTF-8"?>
<!-- Generated by org.testng.reporters.JUnitReportReporter -->
<testsuite hostname="WIN-JD5AAM1B6TV" failures="0" tests="2" name="test.by.jwd.finaltaskweb.dao.membership.ReadByPeriodTest" time="0.253" errors="0" timestamp="4 Apr 2022 08:10:10 GMT">
  <testcase classname="test.by.jwd.finaltaskweb.dao.membership.ReadByPeriodTest" name="testReadByClientAndPeriod" time="0.008"/>
  <testcase classname="test.by.jwd.finaltaskweb.dao.membership.ReadByPeriodTest" name="testReadByClientAndPeriod" time="0.245"/>
</testsuite> <!-- test.by.jwd.finaltaskweb.dao.membership.ReadByPeriodTest -->
