<?xml version="1.0" encoding="UTF-8"?>
<!-- Generated by org.testng.reporters.JUnitReportReporter -->
<testsuite hostname="WIN-JD5AAM1B6TV" failures="0" tests="3" name="test.by.jwd.finaltaskweb.dao.suite.ReadMembershipEntityByIdTest" time="0.090" errors="0" timestamp="7 Apr 2022 09:59:54 GMT">
  <testcase classname="test.by.jwd.finaltaskweb.dao.suite.ReadMembershipEntityByIdTest" name="testReadById" time="0.039"/>
  <testcase classname="test.by.jwd.finaltaskweb.dao.suite.ReadMembershipEntityByIdTest" name="testReadById" time="0.020"/>
  <testcase classname="test.by.jwd.finaltaskweb.dao.suite.ReadMembershipEntityByIdTest" name="testReadById" time="0.031"/>
</testsuite> <!-- test.by.jwd.finaltaskweb.dao.suite.ReadMembershipEntityByIdTest -->
