<?xml version="1.0" encoding="UTF-8"?>
<!-- Generated by org.testng.reporters.JUnitReportReporter -->
<testsuite hostname="WIN-JD5AAM1B6TV" failures="0" tests="2" name="test.by.jwd.finaltaskweb.dao.UpdateTest" time="0.249" errors="0" timestamp="2 Apr 2022 08:11:08 GMT">
  <testcase classname="test.by.jwd.finaltaskweb.dao.UpdateTest" name="testUpdate" time="0.179"/>
  <testcase classname="test.by.jwd.finaltaskweb.dao.UpdateTest" name="testUpdate2" time="0.070"/>
</testsuite> <!-- test.by.jwd.finaltaskweb.dao.UpdateTest -->
