<?xml version="1.0" encoding="UTF-8"?>
<!-- Generated by org.testng.reporters.JUnitReportReporter -->
<testsuite hostname="WIN-JD5AAM1B6TV" failures="0" tests="3" name="test.by.jwd.finaltaskweb.dao.membership.ReadByClientAndPeriodTest" time="0.287" errors="0" timestamp="4 Apr 2022 08:04:29 GMT">
  <testcase classname="test.by.jwd.finaltaskweb.dao.membership.ReadByClientAndPeriodTest" name="testReadByClientAndPeriod" time="0.040"/>
  <testcase classname="test.by.jwd.finaltaskweb.dao.membership.ReadByClientAndPeriodTest" name="testReadByClientAndPeriod" time="0.240"/>
  <testcase classname="test.by.jwd.finaltaskweb.dao.membership.ReadByClientAndPeriodTest" name="testReadByClientAndPeriod" time="0.007"/>
</testsuite> <!-- test.by.jwd.finaltaskweb.dao.membership.ReadByClientAndPeriodTest -->
