<?xml version="1.0" encoding="UTF-8"?>
<!-- Generated by org.testng.reporters.JUnitReportReporter -->
<testsuite hostname="WIN-JD5AAM1B6TV" failures="0" tests="3" name="test.by.jwd.finaltaskweb.dao.suite.ReadGroupEntityByIdTest" time="0.174" errors="0" timestamp="7 Apr 2022 09:59:54 GMT">
  <testcase classname="test.by.jwd.finaltaskweb.dao.suite.ReadGroupEntityByIdTest" name="testReadById" time="0.058"/>
  <testcase classname="test.by.jwd.finaltaskweb.dao.suite.ReadGroupEntityByIdTest" name="testReadById" time="0.039"/>
  <testcase classname="test.by.jwd.finaltaskweb.dao.suite.ReadGroupEntityByIdTest" name="testReadById" time="0.077"/>
</testsuite> <!-- test.by.jwd.finaltaskweb.dao.suite.ReadGroupEntityByIdTest -->
