<?xml version="1.0" encoding="UTF-8"?>
<!-- Generated by org.testng.reporters.JUnitReportReporter -->
<testsuite hostname="WIN-JD5AAM1B6TV" failures="0" tests="3" name="test.by.jwd.finaltaskweb.dao.suite.ReadUserByLoginTest" time="0.157" errors="0" timestamp="7 Apr 2022 09:59:54 GMT">
  <testcase classname="test.by.jwd.finaltaskweb.dao.suite.ReadUserByLoginTest" name="testReadByLogin" time="0.080"/>
  <testcase classname="test.by.jwd.finaltaskweb.dao.suite.ReadUserByLoginTest" name="testReadByLogin" time="0.032"/>
  <testcase classname="test.by.jwd.finaltaskweb.dao.suite.ReadUserByLoginTest" name="testReadByLogin" time="0.045"/>
</testsuite> <!-- test.by.jwd.finaltaskweb.dao.suite.ReadUserByLoginTest -->
