<?xml version="1.0" encoding="UTF-8"?>
<!-- Generated by org.testng.reporters.JUnitReportReporter -->
<testsuite hostname="WIN-JD5AAM1B6TV" failures="0" tests="2" name="test.by.jwd.finaltaskweb.dao.groupdao.ReadByTeacher" time="0.133" errors="0" timestamp="1 Apr 2022 22:08:38 GMT">
  <testcase classname="test.by.jwd.finaltaskweb.dao.groupdao.ReadByTeacher" name="testReadByTeacher" time="0.005"/>
  <testcase classname="test.by.jwd.finaltaskweb.dao.groupdao.ReadByTeacher" name="testReadByTeacher" time="0.128"/>
</testsuite> <!-- test.by.jwd.finaltaskweb.dao.groupdao.ReadByTeacher -->
