<?xml version="1.0" encoding="UTF-8"?>
<!-- Generated by org.testng.reporters.JUnitReportReporter -->
<testsuite hostname="WIN-JD5AAM1B6TV" failures="0" tests="3" name="test.by.jwd.finaltaskweb.dao.groupdao.ReadEntityById" time="0.096" errors="0" timestamp="1 Apr 2022 21:50:33 GMT">
  <testcase classname="test.by.jwd.finaltaskweb.dao.groupdao.ReadEntityById" name="testReadById" time="0.084"/>
  <testcase classname="test.by.jwd.finaltaskweb.dao.groupdao.ReadEntityById" name="testReadById" time="0.008"/>
  <testcase classname="test.by.jwd.finaltaskweb.dao.groupdao.ReadEntityById" name="testReadById" time="0.004"/>
</testsuite> <!-- test.by.jwd.finaltaskweb.dao.groupdao.ReadEntityById -->
