<?xml version="1.0" encoding="UTF-8"?>
<!-- Generated by org.testng.reporters.JUnitReportReporter -->
<testsuite hostname="WIN-JD5AAM1B6TV" failures="0" tests="4" name="test.by.jwd.finaltaskweb.dao.UpdateVisitStatusAndCancelTest" time="0.675" errors="0" timestamp="7 Apr 2022 09:58:45 GMT">
  <testcase classname="test.by.jwd.finaltaskweb.dao.UpdateVisitStatusAndCancelTest" name="testCancelUpdateStatus2" time="0.164"/>
  <testcase classname="test.by.jwd.finaltaskweb.dao.UpdateVisitStatusAndCancelTest" name="testUpdateStatusToAbsent" time="0.174"/>
  <testcase classname="test.by.jwd.finaltaskweb.dao.UpdateVisitStatusAndCancelTest" name="testUpdateStatusToAttended" time="0.181"/>
  <testcase classname="test.by.jwd.finaltaskweb.dao.UpdateVisitStatusAndCancelTest" name="testCancelUpdateStatus" time="0.156"/>
</testsuite> <!-- test.by.jwd.finaltaskweb.dao.UpdateVisitStatusAndCancelTest -->
