<?xml version="1.0" encoding="UTF-8"?>
<!-- Generated by org.testng.reporters.JUnitReportReporter -->
<testsuite hostname="WIN-JD5AAM1B6TV" failures="0" tests="3" name="test.by.jwd.finaltaskweb.dao.suite.ReadUserByRoleTest" time="0.284" errors="0" timestamp="7 Apr 2022 09:59:54 GMT">
  <testcase classname="test.by.jwd.finaltaskweb.dao.suite.ReadUserByRoleTest" name="testReadByRole" time="0.112"/>
  <testcase classname="test.by.jwd.finaltaskweb.dao.suite.ReadUserByRoleTest" name="testReadByRole" time="0.092"/>
  <testcase classname="test.by.jwd.finaltaskweb.dao.suite.ReadUserByRoleTest" name="testReadByRole" time="0.080"/>
</testsuite> <!-- test.by.jwd.finaltaskweb.dao.suite.ReadUserByRoleTest -->
