<?xml version="1.0" encoding="UTF-8"?>
<!-- Generated by org.testng.reporters.JUnitReportReporter -->
<testsuite hostname="WIN-JD5AAM1B6TV" failures="0" tests="2" name="test.by.jwd.finaltaskweb.dao.membership.CreateAndDeleteTypeTest" time="0.400" errors="0" timestamp="4 Apr 2022 10:30:07 GMT">
  <testcase classname="test.by.jwd.finaltaskweb.dao.membership.CreateAndDeleteTypeTest" name="testDelete" time="0.199"/>
  <testcase classname="test.by.jwd.finaltaskweb.dao.membership.CreateAndDeleteTypeTest" name="testCreateType" time="0.201"/>
</testsuite> <!-- test.by.jwd.finaltaskweb.dao.membership.CreateAndDeleteTypeTest -->
