<?xml version="1.0" encoding="UTF-8"?>
<!-- Generated by org.testng.reporters.JUnitReportReporter -->
<testsuite hostname="WIN-JD5AAM1B6TV" failures="0" tests="2" name="test.by.jwd.finaltaskweb.dao.groupdao.ReadByLevel" time="0.090" errors="0" timestamp="1 Apr 2022 22:03:42 GMT">
  <testcase classname="test.by.jwd.finaltaskweb.dao.groupdao.ReadByLevel" name="testReadByLevel" time="0.006"/>
  <testcase classname="test.by.jwd.finaltaskweb.dao.groupdao.ReadByLevel" name="testReadByLevel" time="0.084"/>
</testsuite> <!-- test.by.jwd.finaltaskweb.dao.groupdao.ReadByLevel -->
