<?xml version="1.0" encoding="UTF-8"?>
<!-- Generated by org.testng.reporters.JUnitReportReporter -->
<testsuite hostname="WIN-JD5AAM1B6TV" failures="0" tests="2" name="test.by.jwd.finaltaskweb.dao.membership.ReadValidByClientTest" time="0.313" errors="0" timestamp="4 Apr 2022 10:14:16 GMT">
  <testcase classname="test.by.jwd.finaltaskweb.dao.membership.ReadValidByClientTest" name="testReadByClientAndPeriod" time="0.305"/>
  <testcase classname="test.by.jwd.finaltaskweb.dao.membership.ReadValidByClientTest" name="testReadByClientAndPeriod" time="0.008"/>
</testsuite> <!-- test.by.jwd.finaltaskweb.dao.membership.ReadValidByClientTest -->
