<?xml version="1.0" encoding="UTF-8"?>
<!-- Generated by org.testng.reporters.JUnitReportReporter -->
<testsuite hostname="WIN-JD5AAM1B6TV" failures="0" tests="3" name="test.by.jwd.finaltaskweb.dao.ReadEntityByIdTest" time="0.140" errors="0" timestamp="2 Apr 2022 07:47:57 GMT">
  <testcase classname="test.by.jwd.finaltaskweb.dao.ReadEntityByIdTest" name="testReadById" time="0.003"/>
  <testcase classname="test.by.jwd.finaltaskweb.dao.ReadEntityByIdTest" name="testReadById" time="0.134"/>
  <testcase classname="test.by.jwd.finaltaskweb.dao.ReadEntityByIdTest" name="testReadById" time="0.003"/>
</testsuite> <!-- test.by.jwd.finaltaskweb.dao.ReadEntityByIdTest -->
