<?xml version="1.0" encoding="UTF-8"?>
<!-- Generated by org.testng.reporters.JUnitReportReporter -->
<testsuite hostname="WIN-JD5AAM1B6TV" failures="0" tests="3" name="test.by.jwd.finaltaskweb.dao.suite.ReadByRoleTest" time="0.106" errors="0" timestamp="6 Apr 2022 07:58:27 GMT">
  <testcase classname="test.by.jwd.finaltaskweb.dao.suite.ReadByRoleTest" name="testReadByRole" time="0.035"/>
  <testcase classname="test.by.jwd.finaltaskweb.dao.suite.ReadByRoleTest" name="testReadByRole" time="0.033"/>
  <testcase classname="test.by.jwd.finaltaskweb.dao.suite.ReadByRoleTest" name="testReadByRole" time="0.038"/>
</testsuite> <!-- test.by.jwd.finaltaskweb.dao.suite.ReadByRoleTest -->
