<?xml version="1.0" encoding="UTF-8"?>
<!-- Generated by org.testng.reporters.JUnitReportReporter -->
<testsuite hostname="WIN-JD5AAM1B6TV" failures="0" tests="3" name="test.by.jwd.finaltaskweb.dao.suite.groupdao.ReadEntityByIdTest" time="0.011" errors="0" timestamp="4 Apr 2022 10:30:07 GMT">
  <testcase classname="test.by.jwd.finaltaskweb.dao.suite.groupdao.ReadEntityByIdTest" name="testReadById" time="0.003"/>
  <testcase classname="test.by.jwd.finaltaskweb.dao.suite.groupdao.ReadEntityByIdTest" name="testReadById" time="0.005"/>
  <testcase classname="test.by.jwd.finaltaskweb.dao.suite.groupdao.ReadEntityByIdTest" name="testReadById" time="0.003"/>
</testsuite> <!-- test.by.jwd.finaltaskweb.dao.suite.groupdao.ReadEntityByIdTest -->
