<?xml version="1.0" encoding="UTF-8"?>
<!-- Generated by org.testng.reporters.JUnitReportReporter -->
<testsuite hostname="WIN-JD5AAM1B6TV" failures="0" tests="3" name="test.by.jwd.finaltaskweb.dao.suite.ReadUserByLoginAndPasswordTest" time="1.455" errors="0" timestamp="8 Apr 2022 10:35:38 GMT">
  <testcase classname="test.by.jwd.finaltaskweb.dao.suite.ReadUserByLoginAndPasswordTest" name="testReadByLoginAndPassword" time="0.660"/>
  <testcase classname="test.by.jwd.finaltaskweb.dao.suite.ReadUserByLoginAndPasswordTest" name="testReadByLoginAndPassword" time="0.384"/>
  <testcase classname="test.by.jwd.finaltaskweb.dao.suite.ReadUserByLoginAndPasswordTest" name="testReadByLoginAndPassword" time="0.411"/>
</testsuite> <!-- test.by.jwd.finaltaskweb.dao.suite.ReadUserByLoginAndPasswordTest -->
