<?xml version="1.0" encoding="UTF-8"?>
<!-- Generated by org.testng.reporters.JUnitReportReporter -->
<testsuite hostname="WIN-JD5AAM1B6TV" failures="0" tests="2" name="test.by.jwd.finaltaskweb.dao.suite.groupdao.ReadByTeacherTest" time="0.004" errors="0" timestamp="4 Apr 2022 10:30:07 GMT">
  <testcase classname="test.by.jwd.finaltaskweb.dao.suite.groupdao.ReadByTeacherTest" name="testReadByTeacher" time="0.002"/>
  <testcase classname="test.by.jwd.finaltaskweb.dao.suite.groupdao.ReadByTeacherTest" name="testReadByTeacher" time="0.002"/>
</testsuite> <!-- test.by.jwd.finaltaskweb.dao.suite.groupdao.ReadByTeacherTest -->
