<?xml version="1.0" encoding="UTF-8"?>
<!-- Generated by org.testng.reporters.JUnitReportReporter -->
<testsuite hostname="WIN-JD5AAM1B6TV" failures="0" tests="3" name="test.by.jwd.finaltaskweb.dao.suite.ReadUserByLoginAndPasswordTest" time="0.118" errors="0" timestamp="7 Apr 2022 09:59:54 GMT">
  <testcase classname="test.by.jwd.finaltaskweb.dao.suite.ReadUserByLoginAndPasswordTest" name="testReadByLoginAndPassword" time="0.049"/>
  <testcase classname="test.by.jwd.finaltaskweb.dao.suite.ReadUserByLoginAndPasswordTest" name="testReadByLoginAndPassword" time="0.043"/>
  <testcase classname="test.by.jwd.finaltaskweb.dao.suite.ReadUserByLoginAndPasswordTest" name="testReadByLoginAndPassword" time="0.026"/>
</testsuite> <!-- test.by.jwd.finaltaskweb.dao.suite.ReadUserByLoginAndPasswordTest -->
