<?xml version="1.0" encoding="UTF-8"?>
<!-- Generated by org.testng.reporters.JUnitReportReporter -->
<testsuite hostname="WIN-JD5AAM1B6TV" failures="0" tests="2" name="test.by.jwd.finaltaskweb.dao.CreateAndDeleteUserTest" time="0.606" errors="0" timestamp="6 Apr 2022 12:53:32 GMT">
  <testcase classname="test.by.jwd.finaltaskweb.dao.CreateAndDeleteUserTest" name="testDeleteUser" time="0.132"/>
  <testcase classname="test.by.jwd.finaltaskweb.dao.CreateAndDeleteUserTest" name="testCreateUser" time="0.474"/>
</testsuite> <!-- test.by.jwd.finaltaskweb.dao.CreateAndDeleteUserTest -->
