<?xml version="1.0" encoding="UTF-8"?>
<!-- Generated by org.testng.reporters.JUnitReportReporter -->
<testsuite hostname="WIN-JD5AAM1B6TV" failures="0" tests="3" name="test.by.jwd.finaltaskweb.dao.suite.ReadMembershipByClientAndPeriodTest" time="0.078" errors="0" timestamp="7 Apr 2022 09:59:54 GMT">
  <testcase classname="test.by.jwd.finaltaskweb.dao.suite.ReadMembershipByClientAndPeriodTest" name="testReadByClientAndPeriod" time="0.022"/>
  <testcase classname="test.by.jwd.finaltaskweb.dao.suite.ReadMembershipByClientAndPeriodTest" name="testReadByClientAndPeriod" time="0.037"/>
  <testcase classname="test.by.jwd.finaltaskweb.dao.suite.ReadMembershipByClientAndPeriodTest" name="testReadByClientAndPeriod" time="0.019"/>
</testsuite> <!-- test.by.jwd.finaltaskweb.dao.suite.ReadMembershipByClientAndPeriodTest -->
