<?xml version="1.0" encoding="UTF-8"?>
<!-- Generated by org.testng.reporters.JUnitReportReporter -->
<testsuite hostname="WIN-JD5AAM1B6TV" failures="0" tests="1" name="by.jwd.task07xmlparser.DomParserTest" time="0.101" errors="0" timestamp="26 Mar 2022 19:32:54 GMT">
  <testcase classname="by.jwd.task07xmlparser.DomParserTest" name="testDomParser" time="0.101"/>
</testsuite> <!-- by.jwd.task07xmlparser.DomParserTest -->
