<?xml version="1.0" encoding="UTF-8"?>
<!-- Generated by org.testng.reporters.JUnitReportReporter -->
<testsuite hostname="WIN-JD5AAM1B6TV" failures="0" tests="1" name="by.jwd.task07xmlparser.StaxParserTest" time="0.022" errors="0" timestamp="30 Mar 2022 18:18:55 GMT">
  <testcase classname="by.jwd.task07xmlparser.StaxParserTest" name="testStaxParser" time="0.022"/>
</testsuite> <!-- by.jwd.task07xmlparser.StaxParserTest -->
