<?xml version="1.0" encoding="UTF-8"?>
<!-- Generated by org.testng.reporters.JUnitReportReporter -->
<testsuite hostname="WIN-JD5AAM1B6TV" failures="0" tests="8" name="jwd.task02array.ShellSortTest" time="0.013" errors="0" timestamp="2022-01-06T20:44:52 MSK" skipped="0">
  <testcase classname="jwd.task02array.ShellSortTest" name="testDataForArraySorting" time="0.001"/>
  <system-out/>
  <testcase classname="jwd.task02array.ShellSortTest" name="testDataForArraySorting" time="0.001"/>
  <system-out/>
  <testcase classname="jwd.task02array.ShellSortTest" name="testDataForArraySorting" time="0.001"/>
  <system-out/>
  <testcase classname="jwd.task02array.ShellSortTest" name="testDataForArraySorting" time="0.003"/>
  <system-out/>
  <testcase classname="jwd.task02array.ShellSortTest" name="testDataForArraySorting" time="0.001"/>
  <system-out/>
  <testcase classname="jwd.task02array.ShellSortTest" name="testDataForArraySorting" time="0.001"/>
  <system-out/>
  <testcase classname="jwd.task02array.ShellSortTest" name="testDataForArraySorting" time="0.004"/>
  <system-out/>
  <testcase classname="jwd.task02array.ShellSortTest" name="testDataForArraySorting" time="0.001"/>
  <system-out/>
</testsuite> <!-- jwd.task02array.ShellSortTest -->
