<?xml version="1.0" encoding="UTF-8"?>
<!-- Generated by org.testng.reporters.JUnitReportReporter -->
<testsuite hostname="WIN-JD5AAM1B6TV" failures="0" tests="8" name="test.jwd.task02array.InsertionSortTest" time="0.012" errors="0" timestamp="2021-12-19T14:20:35 MSK" skipped="0">
  <testcase classname="test.jwd.task02array.InsertionSortTest" name="testDataForArraySorting" time="0.002"/>
  <system-out/>
  <testcase classname="test.jwd.task02array.InsertionSortTest" name="testDataForArraySorting" time="0.001"/>
  <system-out/>
  <testcase classname="test.jwd.task02array.InsertionSortTest" name="testDataForArraySorting" time="0.002"/>
  <system-out/>
  <testcase classname="test.jwd.task02array.InsertionSortTest" name="testDataForArraySorting" time="0.001"/>
  <system-out/>
  <testcase classname="test.jwd.task02array.InsertionSortTest" name="testDataForArraySorting" time="0.002"/>
  <system-out/>
  <testcase classname="test.jwd.task02array.InsertionSortTest" name="testDataForArraySorting" time="0.001"/>
  <system-out/>
  <testcase classname="test.jwd.task02array.InsertionSortTest" name="testDataForArraySorting" time="0.001"/>
  <system-out/>
  <testcase classname="test.jwd.task02array.InsertionSortTest" name="testDataForArraySorting" time="0.002"/>
  <system-out/>
</testsuite> <!-- test.jwd.task02array.InsertionSortTest -->
