<?xml version="1.0" encoding="UTF-8"?>
<!-- Generated by org.testng.reporters.JUnitReportReporter -->
<testsuite hostname="WIN-JD5AAM1B6TV" failures="0" tests="4" name="jwd.task02array.MatrixMultiplicationTest" time="0.004" errors="0" timestamp="2022-01-06T20:44:52 MSK" skipped="0">
  <testcase classname="jwd.task02array.MatrixMultiplicationTest" name="testMatrixMultiplication2" time="0.000"/>
  <system-out/>
  <testcase classname="jwd.task02array.MatrixMultiplicationTest" name="testMatrixMultiplication1" time="0.002"/>
  <system-out/>
  <testcase classname="jwd.task02array.MatrixMultiplicationTest" name="testMatrixMultiplication4" time="0.001"/>
  <system-out/>
  <testcase classname="jwd.task02array.MatrixMultiplicationTest" name="testMatrixMultiplication3" time="0.001"/>
  <system-out/>
</testsuite> <!-- jwd.task02array.MatrixMultiplicationTest -->
