<?xml version="1.0" encoding="UTF-8"?>
<!-- Generated by org.testng.reporters.JUnitReportReporter -->
<testsuite hostname="WIN-JD5AAM1B6TV" failures="0" tests="1" name="test.jwd.task01basic.service.FunctionValueTest" time="0.000" errors="0" timestamp="2021-12-05T02:36:04 MSK" skipped="0">
  <testcase classname="test.jwd.task01basic.service.FunctionValueTest" name="testFunctionValue" time="0.000"/>
  <system-out/>
</testsuite> <!-- test.jwd.task01basic.service.FunctionValueTest -->
