<?xml version="1.0" encoding="UTF-8"?>
<!-- Generated by org.testng.reporters.JUnitReportReporter -->
<testsuite hostname="WIN-JD5AAM1B6TV" failures="0" tests="7" name="test.jwd.task01basic.service.PhysicsTest" time="0.015" errors="0" timestamp="2021-11-25T16:41:59 MSK" skipped="0">
  <testcase classname="test.jwd.task01basic.service.PhysicsTest" name="testDistance" time="0.001"/>
  <system-out/>
  <testcase classname="test.jwd.task01basic.service.PhysicsTest" name="testDistance" time="0.002"/>
  <system-out/>
  <testcase classname="test.jwd.task01basic.service.PhysicsTest" name="testDistance" time="0.002"/>
  <system-out/>
  <testcase classname="test.jwd.task01basic.service.PhysicsTest" name="testDistance" time="0.001"/>
  <system-out/>
  <testcase classname="test.jwd.task01basic.service.PhysicsTest" name="testDistance" time="0.006"/>
  <system-out/>
  <testcase classname="test.jwd.task01basic.service.PhysicsTest" name="testDistance" time="0.002"/>
  <system-out/>
  <testcase classname="test.jwd.task01basic.service.PhysicsTest" name="testDistance" time="0.001"/>
  <system-out/>
</testsuite> <!-- test.jwd.task01basic.service.PhysicsTest -->
