<?xml version="1.0" encoding="UTF-8"?>
<!-- Generated by org.testng.reporters.JUnitReportReporter -->
<testsuite hostname="WIN-JD5AAM1B6TV" failures="0" tests="1" name="test.jwd.task01basic.service.TextOperationsServiceTest" time="0.007" errors="0" timestamp="2021-11-25T10:50:53 MSK" skipped="0">
  <testcase classname="test.jwd.task01basic.service.TextOperationsServiceTest" name="testTextOperationsService" time="0.007"/>
  <system-out/>
</testsuite> <!-- test.jwd.task01basic.service.TextOperationsServiceTest -->
