<?xml version="1.0" encoding="UTF-8"?>
<!-- Generated by org.testng.reporters.JUnitReportReporter -->
<testsuite hostname="WIN-JD5AAM1B6TV" failures="0" tests="7" name="test.jwd.task01basic.service.MaxDigitOfNumberTest" time="0.006" errors="0" timestamp="2021-12-05T20:58:15 MSK" skipped="0">
  <testcase classname="test.jwd.task01basic.service.MaxDigitOfNumberTest" name="testMaxDigitOfNumberNeg" time="0.001"/>
  <system-out/>
  <testcase classname="test.jwd.task01basic.service.MaxDigitOfNumberTest" name="testMaxDigitOfNumberNeg" time="0.002"/>
  <system-out/>
  <testcase classname="test.jwd.task01basic.service.MaxDigitOfNumberTest" name="testMaxDigitOfNumberNeg" time="0.002"/>
  <system-out/>
  <testcase classname="test.jwd.task01basic.service.MaxDigitOfNumberTest" name="testMaxDigitOfNumberPos" time="0.000"/>
  <system-out/>
  <testcase classname="test.jwd.task01basic.service.MaxDigitOfNumberTest" name="testMaxDigitOfNumberPos" time="0.000"/>
  <system-out/>
  <testcase classname="test.jwd.task01basic.service.MaxDigitOfNumberTest" name="testMaxDigitOfNumberPos" time="0.000"/>
  <system-out/>
  <testcase classname="test.jwd.task01basic.service.MaxDigitOfNumberTest" name="testMaxDigitOfNumberPos" time="0.001"/>
  <system-out/>
</testsuite> <!-- test.jwd.task01basic.service.MaxDigitOfNumberTest -->
