<?xml version="1.0" encoding="UTF-8"?>
<!-- Generated by org.testng.reporters.JUnitReportReporter -->
<testsuite hostname="WIN-JD5AAM1B6TV" failures="0" tests="11" name="test.jwd.task01basic.service.AverageOfTwoNumberTest" time="0.019" errors="0" timestamp="2021-11-24T13:52:22 MSK" skipped="0">
  <testcase classname="test.jwd.task01basic.service.AverageOfTwoNumberTest" name="testCalculationAverage" time="0.005"/>
  <system-out/>
  <testcase classname="test.jwd.task01basic.service.AverageOfTwoNumberTest" name="testCalculationAverage" time="0.002"/>
  <system-out/>
  <testcase classname="test.jwd.task01basic.service.AverageOfTwoNumberTest" name="testCalculationAverage" time="0.001"/>
  <system-out/>
  <testcase classname="test.jwd.task01basic.service.AverageOfTwoNumberTest" name="testCalculationAverage" time="0.002"/>
  <system-out/>
  <testcase classname="test.jwd.task01basic.service.AverageOfTwoNumberTest" name="testCalculationAverage" time="0.001"/>
  <system-out/>
  <testcase classname="test.jwd.task01basic.service.AverageOfTwoNumberTest" name="testCalculationAverage" time="0.001"/>
  <system-out/>
  <testcase classname="test.jwd.task01basic.service.AverageOfTwoNumberTest" name="testCalculationAverage" time="0.001"/>
  <system-out/>
  <testcase classname="test.jwd.task01basic.service.AverageOfTwoNumberTest" name="testCalculationAverage" time="0.001"/>
  <system-out/>
  <testcase classname="test.jwd.task01basic.service.AverageOfTwoNumberTest" name="testCalculationAverage" time="0.001"/>
  <system-out/>
  <testcase classname="test.jwd.task01basic.service.AverageOfTwoNumberTest" name="testCalculationAverage" time="0.001"/>
  <system-out/>
  <testcase classname="test.jwd.task01basic.service.AverageOfTwoNumberTest" name="testCalculationAverage" time="0.003"/>
  <system-out/>
</testsuite> <!-- test.jwd.task01basic.service.AverageOfTwoNumberTest -->
