<?xml version="1.0" encoding="UTF-8"?>
<!-- Generated by org.testng.reporters.JUnitReportReporter -->
<testsuite hostname="WIN-JD5AAM1B6TV" failures="0" tests="7" name="test.jwd.task01basic.service.ConverToIntTest" time="0.006" errors="0" timestamp="2021-11-29T11:54:27 MSK" skipped="0">
  <testcase classname="test.jwd.task01basic.service.ConverToIntTest" name="testConvertToInt" time="0.001"/>
  <system-out/>
  <testcase classname="test.jwd.task01basic.service.ConverToIntTest" name="testConvertToInt" time="0.001"/>
  <system-out/>
  <testcase classname="test.jwd.task01basic.service.ConverToIntTest" name="testConvertToInt" time="0.000"/>
  <system-out/>
  <testcase classname="test.jwd.task01basic.service.ConverToIntTest" name="testConvertToInt" time="0.001"/>
  <system-out/>
  <testcase classname="test.jwd.task01basic.service.ConverToIntTest" name="testConvertToInt" time="0.001"/>
  <system-out/>
  <testcase classname="test.jwd.task01basic.service.ConverToIntTest" name="testConvertToInt" time="0.001"/>
  <system-out/>
  <testcase classname="test.jwd.task01basic.service.ConverToIntTest" name="testConvertToInt" time="0.001"/>
  <system-out/>
</testsuite> <!-- test.jwd.task01basic.service.ConverToIntTest -->
