<?xml version="1.0" encoding="UTF-8"?>
<!-- Generated by org.testng.reporters.JUnitReportReporter -->
<testsuite hostname="WIN-JD5AAM1B6TV" failures="0" tests="6" name="test.jwd.task01basic.service.ConvertToCharServiceTest" time="0.015" errors="0" timestamp="2021-11-25T12:29:42 MSK" skipped="0">
  <testcase classname="test.jwd.task01basic.service.ConvertToCharServiceTest" name="testConvertToChar" time="0.009"/>
  <system-out/>
  <testcase classname="test.jwd.task01basic.service.ConvertToCharServiceTest" name="testConvertToChar" time="0.001"/>
  <system-out/>
  <testcase classname="test.jwd.task01basic.service.ConvertToCharServiceTest" name="testConvertToChar" time="0.001"/>
  <system-out/>
  <testcase classname="test.jwd.task01basic.service.ConvertToCharServiceTest" name="testConvertToChar" time="0.001"/>
  <system-out/>
  <testcase classname="test.jwd.task01basic.service.ConvertToCharServiceTest" name="testConvertToChar" time="0.002"/>
  <system-out/>
  <testcase classname="test.jwd.task01basic.service.ConvertToCharServiceTest" name="testConvertToChar" time="0.001"/>
  <system-out/>
</testsuite> <!-- test.jwd.task01basic.service.ConvertToCharServiceTest -->
