<?xml version="1.0" encoding="UTF-8"?>
<!-- Generated by org.testng.reporters.JUnitReportReporter -->
<testsuite hostname="WIN-JD5AAM1B6TV" failures="0" tests="5" name="test.jwd.task01basic.service.TriangleRadiusOutTest" time="0.012" errors="0" timestamp="2021-11-25T07:34:24 MSK" skipped="0">
  <testcase classname="test.jwd.task01basic.service.TriangleRadiusOutTest" name="testRadiusInCalculation" time="0.008"/>
  <system-out/>
  <testcase classname="test.jwd.task01basic.service.TriangleRadiusOutTest" name="testRadiusInCalculation" time="0.001"/>
  <system-out/>
  <testcase classname="test.jwd.task01basic.service.TriangleRadiusOutTest" name="testRadiusInCalculation" time="0.001"/>
  <system-out/>
  <testcase classname="test.jwd.task01basic.service.TriangleRadiusOutTest" name="testRadiusInCalculation" time="0.001"/>
  <system-out/>
  <testcase classname="test.jwd.task01basic.service.TriangleRadiusOutTest" name="testRadiusInCalculation" time="0.001"/>
  <system-out/>
</testsuite> <!-- test.jwd.task01basic.service.TriangleRadiusOutTest -->
