<?xml version="1.0" encoding="UTF-8"?>
<!-- Generated by org.testng.reporters.JUnitReportReporter -->
<testsuite hostname="WIN-JD5AAM1B6TV" failures="0" tests="7" name="test.jwd.task01basic.service.TriangleAreaTest" time="0.016" errors="0" timestamp="2021-12-05T20:17:16 MSK" skipped="0">
  <testcase classname="test.jwd.task01basic.service.TriangleAreaTest" name="testAreaCalculationNeg" time="0.010"/>
  <system-out/>
  <testcase classname="test.jwd.task01basic.service.TriangleAreaTest" name="testAreaCalculationPos" time="0.001"/>
  <system-out/>
  <testcase classname="test.jwd.task01basic.service.TriangleAreaTest" name="testAreaCalculationNeg" time="0.001"/>
  <system-out/>
  <testcase classname="test.jwd.task01basic.service.TriangleAreaTest" name="testAreaCalculationNeg" time="0.001"/>
  <system-out/>
  <testcase classname="test.jwd.task01basic.service.TriangleAreaTest" name="testAreaCalculationPos" time="0.001"/>
  <system-out/>
  <testcase classname="test.jwd.task01basic.service.TriangleAreaTest" name="testAreaCalculationPos" time="0.001"/>
  <system-out/>
  <testcase classname="test.jwd.task01basic.service.TriangleAreaTest" name="testAreaCalculationPos" time="0.001"/>
  <system-out/>
</testsuite> <!-- test.jwd.task01basic.service.TriangleAreaTest -->
