<?xml version="1.0" encoding="UTF-8"?>
<!-- Generated by org.testng.reporters.JUnitReportReporter -->
<testsuite hostname="WIN-JD5AAM1B6TV" failures="0" tests="5" name="test.jwd.task01basic.service.TriangleHeightTest" time="0.010" errors="0" timestamp="2021-11-24T22:42:42 MSK" skipped="0">
  <testcase classname="test.jwd.task01basic.service.TriangleHeightTest" name="testHeightCalculation" time="0.006"/>
  <system-out/>
  <testcase classname="test.jwd.task01basic.service.TriangleHeightTest" name="testHeightCalculation" time="0.001"/>
  <system-out/>
  <testcase classname="test.jwd.task01basic.service.TriangleHeightTest" name="testHeightCalculation" time="0.001"/>
  <system-out/>
  <testcase classname="test.jwd.task01basic.service.TriangleHeightTest" name="testHeightCalculation" time="0.001"/>
  <system-out/>
  <testcase classname="test.jwd.task01basic.service.TriangleHeightTest" name="testHeightCalculation" time="0.001"/>
  <system-out/>
</testsuite> <!-- test.jwd.task01basic.service.TriangleHeightTest -->
