<?xml version="1.0" encoding="UTF-8"?>
<!-- Generated by org.testng.reporters.JUnitReportReporter -->
<testsuite hostname="WIN-JD5AAM1B6TV" failures="0" tests="5" name="test.jwd.task01basic.service.TriangleRadiusInTest" time="0.002" errors="0" timestamp="2021-12-02T16:01:50 MSK" skipped="0">
  <testcase classname="test.jwd.task01basic.service.TriangleRadiusInTest" name="testRadiusInCalculation" time="0.000"/>
  <system-out/>
  <testcase classname="test.jwd.task01basic.service.TriangleRadiusInTest" name="testRadiusInCalculation" time="0.000"/>
  <system-out/>
  <testcase classname="test.jwd.task01basic.service.TriangleRadiusInTest" name="testRadiusInCalculation" time="0.001"/>
  <system-out/>
  <testcase classname="test.jwd.task01basic.service.TriangleRadiusInTest" name="testRadiusInCalculation" time="0.000"/>
  <system-out/>
  <testcase classname="test.jwd.task01basic.service.TriangleRadiusInTest" name="testRadiusInCalculation" time="0.001"/>
  <system-out/>
</testsuite> <!-- test.jwd.task01basic.service.TriangleRadiusInTest -->
