<?xml version="1.0" encoding="UTF-8"?>
<!-- Generated by org.testng.reporters.JUnitReportReporter -->
<testsuite hostname="WIN-JD5AAM1B6TV" failures="0" tests="11" name="test.jwd.task01basic.service.DoesBrickFitRectangleTest" time="0.011" errors="0" timestamp="2021-12-05T20:58:15 MSK" skipped="0">
  <testcase classname="test.jwd.task01basic.service.DoesBrickFitRectangleTest" name="testNegBrickAndRectangle" time="0.001"/>
  <system-out/>
  <testcase classname="test.jwd.task01basic.service.DoesBrickFitRectangleTest" name="testPosBrickAndRectangle" time="0.001"/>
  <system-out/>
  <testcase classname="test.jwd.task01basic.service.DoesBrickFitRectangleTest" name="testPosBrickAndRectangle" time="0.001"/>
  <system-out/>
  <testcase classname="test.jwd.task01basic.service.DoesBrickFitRectangleTest" name="testPosBrickAndRectangle" time="0.001"/>
  <system-out/>
  <testcase classname="test.jwd.task01basic.service.DoesBrickFitRectangleTest" name="testPosBrickAndRectangle" time="0.001"/>
  <system-out/>
  <testcase classname="test.jwd.task01basic.service.DoesBrickFitRectangleTest" name="testPosBrickAndRectangle" time="0.000"/>
  <system-out/>
  <testcase classname="test.jwd.task01basic.service.DoesBrickFitRectangleTest" name="testNegBrickAndRectangle" time="0.002"/>
  <system-out/>
  <testcase classname="test.jwd.task01basic.service.DoesBrickFitRectangleTest" name="testNegBrickAndRectangle" time="0.001"/>
  <system-out/>
  <testcase classname="test.jwd.task01basic.service.DoesBrickFitRectangleTest" name="testNegBrickAndRectangle" time="0.001"/>
  <system-out/>
  <testcase classname="test.jwd.task01basic.service.DoesBrickFitRectangleTest" name="testNegBrickAndRectangle" time="0.001"/>
  <system-out/>
  <testcase classname="test.jwd.task01basic.service.DoesBrickFitRectangleTest" name="testNegBrickAndRectangle" time="0.001"/>
  <system-out/>
</testsuite> <!-- test.jwd.task01basic.service.DoesBrickFitRectangleTest -->
