<?xml version="1.0" encoding="UTF-8"?>
<!-- Generated by org.testng.reporters.JUnitReportReporter -->
<testsuite hostname="WIN-JD5AAM1B6TV" failures="0" tests="2" name="task06infohandling.ParserToParagraphTest" time="0.198" errors="0" timestamp="2022-02-19T10:05:03 MSK" skipped="0">
  <testcase classname="task06infohandling.ParserToParagraphTest" name="testParserToParagraph" time="0.009"/>
  <system-out/>
  <testcase classname="task06infohandling.ParserToParagraphTest" name="testParserToParagraph" time="0.189"/>
  <system-out/>
</testsuite> <!-- task06infohandling.ParserToParagraphTest -->
