<?xml version="1.0" encoding="UTF-8"?>
<!-- Generated by org.testng.reporters.JUnitReportReporter -->
<testsuite hostname="WIN-JD5AAM1B6TV" failures="0" tests="2" name="task06infohandling.SortParagraphBySentenceQuantityTest" time="0.494" errors="0" timestamp="2022-02-25T14:42:56 MSK" skipped="0">
  <testcase classname="task06infohandling.SortParagraphBySentenceQuantityTest" name="testSortingParagraphBySentenceQuantity" time="0.007"/>
  <system-out/>
  <testcase classname="task06infohandling.SortParagraphBySentenceQuantityTest" name="testSortingParagraphBySentenceQuantity" time="0.487"/>
  <system-out/>
</testsuite> <!-- task06infohandling.SortParagraphBySentenceQuantityTest -->
