<?xml version="1.0" encoding="UTF-8"?>
<!-- Generated by org.testng.reporters.JUnitReportReporter -->
<testsuite hostname="WIN-JD5AAM1B6TV" failures="0" tests="1" name="task06infohandling.SortWordByLengthTest" time="0.026" errors="0" timestamp="2022-02-25T14:42:56 MSK" skipped="0">
  <testcase classname="task06infohandling.SortWordByLengthTest" name="testSortingWordByLength" time="0.026"/>
  <system-out/>
</testsuite> <!-- task06infohandling.SortWordByLengthTest -->
