<?xml version="1.0" encoding="UTF-8"?>
<!-- Generated by org.testng.reporters.JUnitReportReporter -->
<testsuite hostname="WIN-JD5AAM1B6TV" failures="0" tests="3" name="task06infohandling.ReadFromFileTest" time="0.079" errors="0" timestamp="2022-02-19T10:05:03 MSK" skipped="0">
  <testcase classname="task06infohandling.ReadFromFileTest" name="testReadFromFile" time="0.036"/>
  <system-out/>
  <testcase classname="task06infohandling.ReadFromFileTest" name="testReadFromFile" time="0.003"/>
  <system-out/>
  <testcase classname="task06infohandling.ReadFromFileTest" name="testReadFromFile" time="0.040"/>
  <system-out/>
</testsuite> <!-- task06infohandling.ReadFromFileTest -->
