<?xml version="1.0" encoding="UTF-8"?>
<!-- Generated by org.testng.reporters.JUnitReportReporter -->
<testsuite hostname="WIN-JD5AAM1B6TV" failures="0" tests="12" name="task06infohandling.InterpreterTest" time="0.058" errors="0" timestamp="2022-02-25T14:42:56 MSK" skipped="0">
  <testcase classname="task06infohandling.InterpreterTest" name="testInterpreter" time="0.002"/>
  <system-out/>
  <testcase classname="task06infohandling.InterpreterTest" name="testInterpreter" time="0.003"/>
  <system-out/>
  <testcase classname="task06infohandling.InterpreterTest" name="testInterpreter" time="0.009"/>
  <system-out/>
  <testcase classname="task06infohandling.InterpreterTest" name="testInterpreter" time="0.005"/>
  <system-out/>
  <testcase classname="task06infohandling.InterpreterTest" name="testInterpreter" time="0.004"/>
  <system-out/>
  <testcase classname="task06infohandling.InterpreterTest" name="testInterpreter" time="0.002"/>
  <system-out/>
  <testcase classname="task06infohandling.InterpreterTest" name="testInterpreter" time="0.007"/>
  <system-out/>
  <testcase classname="task06infohandling.InterpreterTest" name="testInterpreter" time="0.005"/>
  <system-out/>
  <testcase classname="task06infohandling.InterpreterTest" name="testInterpreter" time="0.011"/>
  <system-out/>
  <testcase classname="task06infohandling.InterpreterTest" name="testInterpreter" time="0.004"/>
  <system-out/>
  <testcase classname="task06infohandling.InterpreterTest" name="testInterpreter" time="0.003"/>
  <system-out/>
  <testcase classname="task06infohandling.InterpreterTest" name="testInterpreter" time="0.003"/>
  <system-out/>
</testsuite> <!-- task06infohandling.InterpreterTest -->
