<?xml version="1.0" encoding="UTF-8"?>
<!-- Generated by org.testng.reporters.JUnitReportReporter -->
<testsuite hostname="WIN-JD5AAM1B6TV" failures="0" tests="3" name="task06infohandling.SortLexemeByQuantityOfGivenSymbolTest" time="0.042" errors="0" timestamp="2022-02-25T14:42:56 MSK" skipped="0">
  <testcase classname="task06infohandling.SortLexemeByQuantityOfGivenSymbolTest" name="testSortingLexemeByQuantityOfGivenSymbol" time="0.016"/>
  <system-out/>
  <testcase classname="task06infohandling.SortLexemeByQuantityOfGivenSymbolTest" name="testSortingLexemeByQuantityOfGivenSymbol" time="0.012"/>
  <system-out/>
  <testcase classname="task06infohandling.SortLexemeByQuantityOfGivenSymbolTest" name="testSortingLexemeByQuantityOfGivenSymbol" time="0.014"/>
  <system-out/>
</testsuite> <!-- task06infohandling.SortLexemeByQuantityOfGivenSymbolTest -->
